<?xml version="1.0" encoding="UTF-8"?>
<!-- Generated by org.testng.reporters.JUnitReportReporter -->
<testsuite hostname="DESKTOP-D36MUAQ" failures="0" tests="1" name="Frame.Capabilities1" time="11.335" errors="0" timestamp="2024-02-13T12:55:14 IST" skipped="0">
  <testcase classname="Frame.Capabilities1" name="Test1" time="11.335"/>
  <system-out/>
</testsuite> <!-- Frame.Capabilities1 -->
