<?xml version="1.0" encoding="UTF-8"?>
<!-- Generated by org.testng.reporters.JUnitReportReporter -->
<testsuite hostname="DESKTOP-D36MUAQ" failures="0" tests="1" name="Frame.Capabilities1" time="12.157" errors="0" timestamp="2024-02-13T13:11:04 IST" skipped="0">
  <testcase classname="Frame.Capabilities1" name="Test1" time="12.157"/>
  <system-out/>
</testsuite> <!-- Frame.Capabilities1 -->
